2024.06.03 22:38:37 INFO  Started: Metals version 1.3.1 in folders 'D:\大学三年\大三春\软件工程-Software Engineering\实验\LAB1\Shiyan1' for client Visual Studio Code 1.76.0.
SLF4J(W): Class path contains multiple SLF4J providers.
SLF4J(W): Found provider [scribe.slf4j.ScribeServiceProvider@78edad50]
SLF4J(W): Found provider [ch.qos.logback.classic.spi.LogbackServiceProvider@86c88b9]
SLF4J(W): See https://www.slf4j.org/codes.html#multiple_bindings for an explanation.
SLF4J(I): Actual provider is of type [scribe.slf4j.ScribeServiceProvider@78edad50]
2024.06.03 22:38:38 WARN  Flyway upgrade recommended: H2 2.2.224 is newer than this version of Flyway and support has not been tested. The latest supported version of H2 is 2.2.220.
Jun 03, 2024 10:38:39 PM org.eclipse.lsp4j.jsonrpc.services.GenericEndpoint notify
INFO: Unsupported notification method: $/setTrace
Jun 03, 2024 10:38:40 PM org.eclipse.lsp4j.jsonrpc.RemoteEndpoint handleCancellation
WARNING: Unmatched cancel notification for request id 8
Jun 03, 2024 10:38:40 PM org.eclipse.lsp4j.jsonrpc.RemoteEndpoint handleCancellation
WARNING: Unmatched cancel notification for request id 3
2024.06.03 22:38:40 WARN  no build tool detected in workspace 'D:\大学三年\大三春\软件工程-Software Engineering\实验\LAB1\Shiyan1'. The most common cause for this problem is that the editor was opened in the wrong working directory, for example if you use sbt then the workspace directory should contain build.sbt. 
2024.06.03 22:38:40 WARN  Build server is not auto-connectable.
2024.06.03 22:38:41 WARN  Running javac-semanticdb failed for file:///D:/大学三年/大三春/软件工程-Software%20Engineering/实验/LAB1/Shiyan1/Lab1.java. Output:

2024.06.03 22:38:41 INFO  time: code lens generation in 1.32s
2024.06.03 22:38:46 INFO  no build target found for D:\大学三年\大三春\软件工程-Software Engineering\实验\LAB1\Shiyan1\Lab1.java. Using presentation compiler with project's scala-library version: 3.3.3
Jun 03, 2024 10:38:48 PM scala.meta.internal.pc.CompilerAccess handleError
SEVERE: A severe compiler error occurred, full details of the error can be found in the error report D:\大学三年\大三春\软件工程-Software Engineering\实验\LAB1\Shiyan1\.metals\.reports\metals-full\2024-06-03\r_compiler-error_22-38-48-969.md
2024.06.03 22:39:11 INFO  no build target found for D:\大学三年\大三春\软件工程-Software Engineering\实验\LAB1\Shiyan1\Lab1.java. Using presentation compiler with project's scala-library version: 3.3.3
Jun 03, 2024 10:39:11 PM scala.meta.internal.pc.CompilerAccess handleError
SEVERE: A severe compiler error occurred, full details of the error can be found in the error report D:\大学三年\大三春\软件工程-Software Engineering\实验\LAB1\Shiyan1\.metals\.reports\metals-full\2024-06-03\r_compiler-error_22-39-11-657.md
2024.06.03 22:39:12 INFO  no build target found for D:\大学三年\大三春\软件工程-Software Engineering\实验\LAB1\Shiyan1\Lab1.java. Using presentation compiler with project's scala-library version: 3.3.3
Jun 03, 2024 10:39:12 PM scala.meta.internal.pc.CompilerAccess handleError
SEVERE: A severe compiler error occurred, full details of the error can be found in the error report D:\大学三年\大三春\软件工程-Software Engineering\实验\LAB1\Shiyan1\.metals\.reports\metals-full\2024-06-03\r_compiler-error_22-39-12-979.md
2024.06.03 22:39:13 INFO  no build target found for D:\大学三年\大三春\软件工程-Software Engineering\实验\LAB1\Shiyan1\Lab1.java. Using presentation compiler with project's scala-library version: 3.3.3
Jun 03, 2024 10:39:13 PM scala.meta.internal.pc.CompilerAccess handleError
SEVERE: A severe compiler error occurred, full details of the error can be found in the error report D:\大学三年\大三春\软件工程-Software Engineering\实验\LAB1\Shiyan1\.metals\.reports\metals-full\2024-06-03\r_compiler-error_22-39-13-992.md
2024.06.03 22:40:08 INFO  no build target found for D:\大学三年\大三春\软件工程-Software Engineering\实验\LAB1\Shiyan1\Lab1.java. Using presentation compiler with project's scala-library version: 3.3.3
Jun 03, 2024 10:40:08 PM scala.meta.internal.pc.CompilerAccess handleError
SEVERE: A severe compiler error occurred, full details of the error can be found in the error report D:\大学三年\大三春\软件工程-Software Engineering\实验\LAB1\Shiyan1\.metals\.reports\metals-full\2024-06-03\r_compiler-error_22-40-08-527.md
2024.06.03 22:42:04 INFO  no build target found for D:\大学三年\大三春\软件工程-Software Engineering\实验\LAB1\Shiyan1\Lab1.java. Using presentation compiler with project's scala-library version: 3.3.3
Jun 03, 2024 10:42:04 PM scala.meta.internal.pc.CompilerAccess handleError
SEVERE: A severe compiler error occurred, full details of the error can be found in the error report D:\大学三年\大三春\软件工程-Software Engineering\实验\LAB1\Shiyan1\.metals\.reports\metals-full\2024-06-03\r_compiler-error_22-42-04-600.md
2024.06.03 22:42:05 INFO  no build target found for D:\大学三年\大三春\软件工程-Software Engineering\实验\LAB1\Shiyan1\Lab1.java. Using presentation compiler with project's scala-library version: 3.3.3
Jun 03, 2024 10:42:05 PM scala.meta.internal.pc.CompilerAccess handleError
SEVERE: A severe compiler error occurred, full details of the error can be found in the error report D:\大学三年\大三春\软件工程-Software Engineering\实验\LAB1\Shiyan1\.metals\.reports\metals-full\2024-06-03\r_compiler-error_22-42-05-920.md
2024.06.03 22:42:08 INFO  no build target found for D:\大学三年\大三春\软件工程-Software Engineering\实验\LAB1\Shiyan1\Lab1.java. Using presentation compiler with project's scala-library version: 3.3.3
Jun 03, 2024 10:42:08 PM scala.meta.internal.pc.CompilerAccess handleError
SEVERE: A severe compiler error occurred, full details of the error can be found in the error report D:\大学三年\大三春\软件工程-Software Engineering\实验\LAB1\Shiyan1\.metals\.reports\metals-full\2024-06-03\r_compiler-error_22-42-08-498.md
2024.06.03 22:42:08 INFO  no build target found for D:\大学三年\大三春\软件工程-Software Engineering\实验\LAB1\Shiyan1\Lab1.java. Using presentation compiler with project's scala-library version: 3.3.3
Jun 03, 2024 10:42:08 PM scala.meta.internal.pc.CompilerAccess handleError
SEVERE: A severe compiler error occurred, full details of the error can be found in the error report D:\大学三年\大三春\软件工程-Software Engineering\实验\LAB1\Shiyan1\.metals\.reports\metals-full\2024-06-03\r_compiler-error_22-42-08-788.md
2024.06.03 22:42:08 INFO  no build target found for D:\大学三年\大三春\软件工程-Software Engineering\实验\LAB1\Shiyan1\Lab1.java. Using presentation compiler with project's scala-library version: 3.3.3
Jun 03, 2024 10:42:09 PM scala.meta.internal.pc.CompilerAccess handleError
SEVERE: A severe compiler error occurred, full details of the error can be found in the error report D:\大学三年\大三春\软件工程-Software Engineering\实验\LAB1\Shiyan1\.metals\.reports\metals-full\2024-06-03\r_compiler-error_22-42-09-246.md
2024.06.03 22:42:09 INFO  no build target found for D:\大学三年\大三春\软件工程-Software Engineering\实验\LAB1\Shiyan1\Lab1.java. Using presentation compiler with project's scala-library version: 3.3.3
Jun 03, 2024 10:42:09 PM scala.meta.internal.pc.CompilerAccess handleError
SEVERE: A severe compiler error occurred, full details of the error can be found in the error report D:\大学三年\大三春\软件工程-Software Engineering\实验\LAB1\Shiyan1\.metals\.reports\metals-full\2024-06-03\r_compiler-error_22-42-09-565.md
2024.06.03 22:42:14 INFO  no build target found for D:\大学三年\大三春\软件工程-Software Engineering\实验\LAB1\Shiyan1\Lab1.java. Using presentation compiler with project's scala-library version: 3.3.3
Jun 03, 2024 10:42:14 PM scala.meta.internal.pc.CompilerAccess handleError
SEVERE: A severe compiler error occurred, full details of the error can be found in the error report D:\大学三年\大三春\软件工程-Software Engineering\实验\LAB1\Shiyan1\.metals\.reports\metals-full\2024-06-03\r_compiler-error_22-42-14-364.md
2024.06.03 22:42:16 INFO  no build target found for D:\大学三年\大三春\软件工程-Software Engineering\实验\LAB1\Shiyan1\Lab1.java. Using presentation compiler with project's scala-library version: 3.3.3
Jun 03, 2024 10:42:16 PM scala.meta.internal.pc.CompilerAccess handleError
SEVERE: A severe compiler error occurred, full details of the error can be found in the error report D:\大学三年\大三春\软件工程-Software Engineering\实验\LAB1\Shiyan1\.metals\.reports\metals-full\2024-06-03\r_compiler-error_22-42-16-899.md
2024.06.03 22:42:16 INFO  no build target found for D:\大学三年\大三春\软件工程-Software Engineering\实验\LAB1\Shiyan1\Lab1.java. Using presentation compiler with project's scala-library version: 3.3.3
Jun 03, 2024 10:42:17 PM scala.meta.internal.pc.CompilerAccess handleError
SEVERE: A severe compiler error occurred, full details of the error can be found in the error report D:\大学三年\大三春\软件工程-Software Engineering\实验\LAB1\Shiyan1\.metals\.reports\metals-full\2024-06-03\r_compiler-error_22-42-17-105.md
2024.06.03 22:42:16 INFO  no build target found for D:\大学三年\大三春\软件工程-Software Engineering\实验\LAB1\Shiyan1\Lab1.java. Using presentation compiler with project's scala-library version: 3.3.3
Jun 03, 2024 10:42:17 PM scala.meta.internal.pc.CompilerAccess handleError
SEVERE: A severe compiler error occurred, full details of the error can be found in the error report D:\大学三年\大三春\软件工程-Software Engineering\实验\LAB1\Shiyan1\.metals\.reports\metals-full\2024-06-03\r_compiler-error_22-42-17-466.md
2024.06.03 22:42:33 INFO  no build target found for D:\大学三年\大三春\软件工程-Software Engineering\实验\LAB1\Shiyan1\Lab1.java. Using presentation compiler with project's scala-library version: 3.3.3
Jun 03, 2024 10:42:33 PM scala.meta.internal.pc.CompilerAccess handleError
SEVERE: A severe compiler error occurred, full details of the error can be found in the error report D:\大学三年\大三春\软件工程-Software Engineering\实验\LAB1\Shiyan1\.metals\.reports\metals-full\2024-06-03\r_compiler-error_22-42-33-318.md
2024.06.03 22:42:33 INFO  no build target found for D:\大学三年\大三春\软件工程-Software Engineering\实验\LAB1\Shiyan1\Lab1.java. Using presentation compiler with project's scala-library version: 3.3.3
Jun 03, 2024 10:42:34 PM scala.meta.internal.pc.CompilerAccess handleError
SEVERE: A severe compiler error occurred, full details of the error can be found in the error report D:\大学三年\大三春\软件工程-Software Engineering\实验\LAB1\Shiyan1\.metals\.reports\metals-full\2024-06-03\r_compiler-error_22-42-34-002.md
2024.06.03 22:45:48 INFO  no build target found for D:\大学三年\大三春\软件工程-Software Engineering\实验\LAB1\Shiyan1\Lab1.java. Using presentation compiler with project's scala-library version: 3.3.3
2024.06.03 22:45:49 INFO  no build target found for D:\大学三年\大三春\软件工程-Software Engineering\实验\LAB1\Shiyan1\Lab1.java. Using presentation compiler with project's scala-library version: 3.3.3
2024.06.03 22:45:49 WARN  Running javac-semanticdb failed for file:///D:/大学三年/大三春/软件工程-Software%20Engineering/实验/LAB1/Shiyan1/Lab1.java. Output:

Jun 03, 2024 10:45:49 PM scala.meta.internal.pc.CompilerAccess handleError
SEVERE: A severe compiler error occurred, full details of the error can be found in the error report D:\大学三年\大三春\软件工程-Software Engineering\实验\LAB1\Shiyan1\.metals\.reports\metals-full\2024-06-03\r_compiler-error_22-45-49-426.md
2024.06.03 22:45:49 INFO  no build target found for D:\大学三年\大三春\软件工程-Software Engineering\实验\LAB1\Shiyan1\Lab1.java. Using presentation compiler with project's scala-library version: 3.3.3
Jun 03, 2024 10:45:49 PM scala.meta.internal.pc.CompilerAccess handleError
SEVERE: A severe compiler error occurred, full details of the error can be found in the error report D:\大学三年\大三春\软件工程-Software Engineering\实验\LAB1\Shiyan1\.metals\.reports\metals-full\2024-06-03\r_compiler-error_22-45-49-817.md
2024.06.03 22:46:51 INFO  no build target found for D:\大学三年\大三春\软件工程-Software Engineering\实验\LAB1\Shiyan1\Lab1.java. Using presentation compiler with project's scala-library version: 3.3.3
Jun 03, 2024 10:46:51 PM scala.meta.internal.pc.CompilerAccess handleError
SEVERE: A severe compiler error occurred, full details of the error can be found in the error report D:\大学三年\大三春\软件工程-Software Engineering\实验\LAB1\Shiyan1\.metals\.reports\metals-full\2024-06-03\r_compiler-error_22-46-51-296.md
2024.06.03 22:47:43 INFO  no build target found for D:\大学三年\大三春\软件工程-Software Engineering\实验\LAB1\Shiyan1\Lab1.java. Using presentation compiler with project's scala-library version: 3.3.3
Jun 03, 2024 10:47:43 PM scala.meta.internal.pc.CompilerAccess handleError
SEVERE: A severe compiler error occurred, full details of the error can be found in the error report D:\大学三年\大三春\软件工程-Software Engineering\实验\LAB1\Shiyan1\.metals\.reports\metals-full\2024-06-03\r_compiler-error_22-47-43-485.md
2024.06.03 23:08:32 INFO  no build target found for D:\大学三年\大三春\软件工程-Software Engineering\实验\LAB1\Shiyan1\Lab1.java. Using presentation compiler with project's scala-library version: 3.3.3
Jun 03, 2024 11:08:32 PM scala.meta.internal.pc.CompilerAccess handleError
SEVERE: A severe compiler error occurred, full details of the error can be found in the error report D:\大学三年\大三春\软件工程-Software Engineering\实验\LAB1\Shiyan1\.metals\.reports\metals-full\2024-06-03\r_compiler-error_23-08-32-156.md
2024.06.03 23:09:59 INFO  no build target found for D:\大学三年\大三春\软件工程-Software Engineering\实验\LAB1\Shiyan1\Lab1.java. Using presentation compiler with project's scala-library version: 3.3.3
Jun 03, 2024 11:09:59 PM scala.meta.internal.pc.CompilerAccess handleError
SEVERE: A severe compiler error occurred, full details of the error can be found in the error report D:\大学三年\大三春\软件工程-Software Engineering\实验\LAB1\Shiyan1\.metals\.reports\metals-full\2024-06-03\r_compiler-error_23-09-59-904.md
2024.06.03 23:11:32 INFO  no build target found for D:\大学三年\大三春\软件工程-Software Engineering\实验\LAB1\Shiyan1\Lab1.java. Using presentation compiler with project's scala-library version: 3.3.3
Jun 03, 2024 11:11:32 PM scala.meta.internal.pc.CompilerAccess handleError
SEVERE: A severe compiler error occurred, full details of the error can be found in the error report D:\大学三年\大三春\软件工程-Software Engineering\实验\LAB1\Shiyan1\.metals\.reports\metals-full\2024-06-03\r_compiler-error_23-11-32-301.md
2024.06.03 23:11:33 INFO  no build target found for D:\大学三年\大三春\软件工程-Software Engineering\实验\LAB1\Shiyan1\Lab1.java. Using presentation compiler with project's scala-library version: 3.3.3
Jun 03, 2024 11:11:33 PM scala.meta.internal.pc.CompilerAccess handleError
SEVERE: A severe compiler error occurred, full details of the error can be found in the error report D:\大学三年\大三春\软件工程-Software Engineering\实验\LAB1\Shiyan1\.metals\.reports\metals-full\2024-06-03\r_compiler-error_23-11-33-994.md
2024.06.03 23:12:00 INFO  no build target found for D:\大学三年\大三春\软件工程-Software Engineering\实验\LAB1\Shiyan1\Lab1.java. Using presentation compiler with project's scala-library version: 3.3.3
Jun 03, 2024 11:12:00 PM scala.meta.internal.pc.CompilerAccess handleError
SEVERE: A severe compiler error occurred, full details of the error can be found in the error report D:\大学三年\大三春\软件工程-Software Engineering\实验\LAB1\Shiyan1\.metals\.reports\metals-full\2024-06-03\r_compiler-error_23-12-00-109.md
2024.06.03 23:12:00 INFO  no build target found for D:\大学三年\大三春\软件工程-Software Engineering\实验\LAB1\Shiyan1\Lab1.java. Using presentation compiler with project's scala-library version: 3.3.3
Jun 03, 2024 11:12:00 PM scala.meta.internal.pc.CompilerAccess handleError
SEVERE: A severe compiler error occurred, full details of the error can be found in the error report D:\大学三年\大三春\软件工程-Software Engineering\实验\LAB1\Shiyan1\.metals\.reports\metals-full\2024-06-03\r_compiler-error_23-12-00-270.md
2024.06.03 23:12:08 INFO  no build target found for D:\大学三年\大三春\软件工程-Software Engineering\实验\LAB1\Shiyan1\Lab1.java. Using presentation compiler with project's scala-library version: 3.3.3
Jun 03, 2024 11:12:08 PM scala.meta.internal.pc.CompilerAccess handleError
SEVERE: A severe compiler error occurred, full details of the error can be found in the error report D:\大学三年\大三春\软件工程-Software Engineering\实验\LAB1\Shiyan1\.metals\.reports\metals-full\2024-06-03\r_compiler-error_23-12-08-344.md
2024.06.03 23:12:08 INFO  no build target found for D:\大学三年\大三春\软件工程-Software Engineering\实验\LAB1\Shiyan1\Lab1.java. Using presentation compiler with project's scala-library version: 3.3.3
Jun 03, 2024 11:12:09 PM scala.meta.internal.pc.CompilerAccess handleError
SEVERE: A severe compiler error occurred, full details of the error can be found in the error report D:\大学三年\大三春\软件工程-Software Engineering\实验\LAB1\Shiyan1\.metals\.reports\metals-full\2024-06-03\r_compiler-error_23-12-09-127.md
2024.06.03 23:12:26 INFO  no build target found for D:\大学三年\大三春\软件工程-Software Engineering\实验\LAB1\Shiyan1\Lab1.java. Using presentation compiler with project's scala-library version: 3.3.3
Jun 03, 2024 11:12:26 PM scala.meta.internal.pc.CompilerAccess handleError
SEVERE: A severe compiler error occurred, full details of the error can be found in the error report D:\大学三年\大三春\软件工程-Software Engineering\实验\LAB1\Shiyan1\.metals\.reports\metals-full\2024-06-03\r_compiler-error_23-12-26-134.md
2024.06.03 23:12:32 INFO  no build target found for D:\大学三年\大三春\软件工程-Software Engineering\实验\LAB1\Shiyan1\Lab1.java. Using presentation compiler with project's scala-library version: 3.3.3
2024.06.03 23:12:32 WARN  Running javac-semanticdb failed for file:///D:/大学三年/大三春/软件工程-Software%20Engineering/实验/LAB1/Shiyan1/Lab1.java. Output:

Jun 03, 2024 11:12:32 PM scala.meta.internal.pc.CompilerAccess handleError
SEVERE: A severe compiler error occurred, full details of the error can be found in the error report D:\大学三年\大三春\软件工程-Software Engineering\实验\LAB1\Shiyan1\.metals\.reports\metals-full\2024-06-03\r_compiler-error_23-12-32-732.md
2024.06.03 23:12:33 INFO  no build target found for D:\大学三年\大三春\软件工程-Software Engineering\实验\LAB1\Shiyan1\Lab1.java. Using presentation compiler with project's scala-library version: 3.3.3
Jun 03, 2024 11:12:33 PM scala.meta.internal.pc.CompilerAccess handleError
SEVERE: A severe compiler error occurred, full details of the error can be found in the error report D:\大学三年\大三春\软件工程-Software Engineering\实验\LAB1\Shiyan1\.metals\.reports\metals-full\2024-06-03\r_compiler-error_23-12-33-759.md
2024.06.03 23:12:33 INFO  no build target found for D:\大学三年\大三春\软件工程-Software Engineering\实验\LAB1\Shiyan1\Lab1.java. Using presentation compiler with project's scala-library version: 3.3.3
Jun 03, 2024 11:12:34 PM scala.meta.internal.pc.CompilerAccess handleError
SEVERE: A severe compiler error occurred, full details of the error can be found in the error report D:\大学三年\大三春\软件工程-Software Engineering\实验\LAB1\Shiyan1\.metals\.reports\metals-full\2024-06-03\r_compiler-error_23-12-34-603.md
2024.06.03 23:12:35 INFO  no build target found for D:\大学三年\大三春\软件工程-Software Engineering\实验\LAB1\Shiyan1\Lab1.java. Using presentation compiler with project's scala-library version: 3.3.3
2024.06.03 23:12:35 WARN  Running javac-semanticdb failed for file:///D:/大学三年/大三春/软件工程-Software%20Engineering/实验/LAB1/Shiyan1/Lab1.java. Output:

Jun 03, 2024 11:12:35 PM scala.meta.internal.pc.CompilerAccess handleError
SEVERE: A severe compiler error occurred, full details of the error can be found in the error report D:\大学三年\大三春\软件工程-Software Engineering\实验\LAB1\Shiyan1\.metals\.reports\metals-full\2024-06-03\r_compiler-error_23-12-35-445.md
2024.06.03 23:12:36 INFO  no build target found for D:\大学三年\大三春\软件工程-Software Engineering\实验\LAB1\Shiyan1\Lab1.java. Using presentation compiler with project's scala-library version: 3.3.3
Jun 03, 2024 11:12:36 PM scala.meta.internal.pc.CompilerAccess handleError
SEVERE: A severe compiler error occurred, full details of the error can be found in the error report D:\大学三年\大三春\软件工程-Software Engineering\实验\LAB1\Shiyan1\.metals\.reports\metals-full\2024-06-03\r_compiler-error_23-12-36-491.md
2024.06.03 23:12:37 INFO  no build target found for D:\大学三年\大三春\软件工程-Software Engineering\实验\LAB1\Shiyan1\Lab1.java. Using presentation compiler with project's scala-library version: 3.3.3
2024.06.03 23:12:37 WARN  Running javac-semanticdb failed for file:///D:/大学三年/大三春/软件工程-Software%20Engineering/实验/LAB1/Shiyan1/Lab1.java. Output:

Jun 03, 2024 11:12:37 PM scala.meta.internal.pc.CompilerAccess handleError
SEVERE: A severe compiler error occurred, full details of the error can be found in the error report D:\大学三年\大三春\软件工程-Software Engineering\实验\LAB1\Shiyan1\.metals\.reports\metals-full\2024-06-03\r_compiler-error_23-12-37-838.md
2024.06.03 23:12:39 INFO  no build target found for D:\大学三年\大三春\软件工程-Software Engineering\实验\LAB1\Shiyan1\Lab1.java. Using presentation compiler with project's scala-library version: 3.3.3
Jun 03, 2024 11:12:39 PM scala.meta.internal.pc.CompilerAccess handleError
SEVERE: A severe compiler error occurred, full details of the error can be found in the error report D:\大学三年\大三春\软件工程-Software Engineering\实验\LAB1\Shiyan1\.metals\.reports\metals-full\2024-06-03\r_compiler-error_23-12-39-129.md
2024.06.03 23:12:40 INFO  no build target found for D:\大学三年\大三春\软件工程-Software Engineering\实验\LAB1\Shiyan1\Lab1.java. Using presentation compiler with project's scala-library version: 3.3.3
2024.06.03 23:12:40 WARN  Running javac-semanticdb failed for file:///D:/大学三年/大三春/软件工程-Software%20Engineering/实验/LAB1/Shiyan1/Lab1.java. Output:

Jun 03, 2024 11:12:40 PM scala.meta.internal.pc.CompilerAccess handleError
SEVERE: A severe compiler error occurred, full details of the error can be found in the error report D:\大学三年\大三春\软件工程-Software Engineering\实验\LAB1\Shiyan1\.metals\.reports\metals-full\2024-06-03\r_compiler-error_23-12-40-908.md
2024.06.03 23:12:41 INFO  no build target found for D:\大学三年\大三春\软件工程-Software Engineering\实验\LAB1\Shiyan1\Lab1.java. Using presentation compiler with project's scala-library version: 3.3.3
Jun 03, 2024 11:12:41 PM scala.meta.internal.pc.CompilerAccess handleError
SEVERE: A severe compiler error occurred, full details of the error can be found in the error report D:\大学三年\大三春\软件工程-Software Engineering\实验\LAB1\Shiyan1\.metals\.reports\metals-full\2024-06-03\r_compiler-error_23-12-41-328.md
2024.06.03 23:12:42 INFO  no build target found for D:\大学三年\大三春\软件工程-Software Engineering\实验\LAB1\Shiyan1\Lab1.java. Using presentation compiler with project's scala-library version: 3.3.3
2024.06.03 23:12:42 WARN  Running javac-semanticdb failed for file:///D:/大学三年/大三春/软件工程-Software%20Engineering/实验/LAB1/Shiyan1/Lab1.java. Output:

Jun 03, 2024 11:12:42 PM scala.meta.internal.pc.CompilerAccess handleError
SEVERE: A severe compiler error occurred, full details of the error can be found in the error report D:\大学三年\大三春\软件工程-Software Engineering\实验\LAB1\Shiyan1\.metals\.reports\metals-full\2024-06-03\r_compiler-error_23-12-42-303.md
2024.06.03 23:12:42 INFO  no build target found for D:\大学三年\大三春\软件工程-Software Engineering\实验\LAB1\Shiyan1\Lab1.java. Using presentation compiler with project's scala-library version: 3.3.3
Jun 03, 2024 11:12:42 PM scala.meta.internal.pc.CompilerAccess handleError
SEVERE: A severe compiler error occurred, full details of the error can be found in the error report D:\大学三年\大三春\软件工程-Software Engineering\实验\LAB1\Shiyan1\.metals\.reports\metals-full\2024-06-03\r_compiler-error_23-12-42-675.md
2024.06.03 23:12:42 INFO  no build target found for D:\大学三年\大三春\软件工程-Software Engineering\实验\LAB1\Shiyan1\Lab1.java. Using presentation compiler with project's scala-library version: 3.3.3
Jun 03, 2024 11:12:42 PM scala.meta.internal.pc.CompilerAccess handleError
SEVERE: A severe compiler error occurred, full details of the error can be found in the error report D:\大学三年\大三春\软件工程-Software Engineering\实验\LAB1\Shiyan1\.metals\.reports\metals-full\2024-06-03\r_compiler-error_23-12-42-870.md
2024.06.03 23:12:43 INFO  no build target found for D:\大学三年\大三春\软件工程-Software Engineering\实验\LAB1\Shiyan1\Lab1.java. Using presentation compiler with project's scala-library version: 3.3.3
2024.06.03 23:12:43 WARN  Running javac-semanticdb failed for file:///D:/大学三年/大三春/软件工程-Software%20Engineering/实验/LAB1/Shiyan1/Lab1.java. Output:

Jun 03, 2024 11:12:44 PM scala.meta.internal.pc.CompilerAccess handleError
SEVERE: A severe compiler error occurred, full details of the error can be found in the error report D:\大学三年\大三春\软件工程-Software Engineering\实验\LAB1\Shiyan1\.metals\.reports\metals-full\2024-06-03\r_compiler-error_23-12-44-050.md
2024.06.03 23:12:46 INFO  no build target found for D:\大学三年\大三春\软件工程-Software Engineering\实验\LAB1\Shiyan1\Lab1.java. Using presentation compiler with project's scala-library version: 3.3.3
2024.06.03 23:12:46 WARN  Running javac-semanticdb failed for file:///D:/大学三年/大三春/软件工程-Software%20Engineering/实验/LAB1/Shiyan1/Lab1.java. Output:

Jun 03, 2024 11:12:46 PM scala.meta.internal.pc.CompilerAccess handleError
SEVERE: A severe compiler error occurred, full details of the error can be found in the error report D:\大学三年\大三春\软件工程-Software Engineering\实验\LAB1\Shiyan1\.metals\.reports\metals-full\2024-06-03\r_compiler-error_23-12-46-540.md
2024.06.03 23:12:46 INFO  no build target found for D:\大学三年\大三春\软件工程-Software Engineering\实验\LAB1\Shiyan1\Lab1.java. Using presentation compiler with project's scala-library version: 3.3.3
2024.06.03 23:12:46 WARN  Running javac-semanticdb failed for file:///D:/大学三年/大三春/软件工程-Software%20Engineering/实验/LAB1/Shiyan1/Lab1.java. Output:

Jun 03, 2024 11:12:46 PM scala.meta.internal.pc.CompilerAccess handleError
SEVERE: A severe compiler error occurred, full details of the error can be found in the error report D:\大学三年\大三春\软件工程-Software Engineering\实验\LAB1\Shiyan1\.metals\.reports\metals-full\2024-06-03\r_compiler-error_23-12-46-788.md
2024.06.03 23:12:47 WARN  Running javac-semanticdb failed for file:///D:/大学三年/大三春/软件工程-Software%20Engineering/实验/LAB1/Shiyan1/Lab1.java. Output:

2024.06.03 23:12:47 INFO  no build target found for D:\大学三年\大三春\软件工程-Software Engineering\实验\LAB1\Shiyan1\Lab1.java. Using presentation compiler with project's scala-library version: 3.3.3
Jun 03, 2024 11:12:47 PM scala.meta.internal.pc.CompilerAccess handleError
SEVERE: A severe compiler error occurred, full details of the error can be found in the error report D:\大学三年\大三春\软件工程-Software Engineering\实验\LAB1\Shiyan1\.metals\.reports\metals-full\2024-06-03\r_compiler-error_23-12-47-758.md
2024.06.03 23:12:48 INFO  no build target found for D:\大学三年\大三春\软件工程-Software Engineering\实验\LAB1\Shiyan1\Lab1.java. Using presentation compiler with project's scala-library version: 3.3.3
Jun 03, 2024 11:12:48 PM scala.meta.internal.pc.CompilerAccess handleError
SEVERE: A severe compiler error occurred, full details of the error can be found in the error report D:\大学三年\大三春\软件工程-Software Engineering\实验\LAB1\Shiyan1\.metals\.reports\metals-full\2024-06-03\r_compiler-error_23-12-48-457.md
2024.06.03 23:12:51 INFO  no build target found for D:\大学三年\大三春\软件工程-Software Engineering\实验\LAB1\Shiyan1\Lab1.java. Using presentation compiler with project's scala-library version: 3.3.3
Jun 03, 2024 11:12:52 PM scala.meta.internal.pc.CompilerAccess handleError
SEVERE: A severe compiler error occurred, full details of the error can be found in the error report D:\大学三年\大三春\软件工程-Software Engineering\实验\LAB1\Shiyan1\.metals\.reports\metals-full\2024-06-03\r_compiler-error_23-12-52-013.md
2024.06.03 23:12:52 WARN  Running javac-semanticdb failed for file:///D:/大学三年/大三春/软件工程-Software%20Engineering/实验/LAB1/Shiyan1/Lab1.java. Output:

2024.06.03 23:18:47 INFO  no build target found for D:\大学三年\大三春\软件工程-Software Engineering\实验\LAB1\Shiyan1\Lab1.java. Using presentation compiler with project's scala-library version: 3.3.3
Jun 03, 2024 11:18:47 PM scala.meta.internal.pc.CompilerAccess handleError
SEVERE: A severe compiler error occurred, full details of the error can be found in the error report D:\大学三年\大三春\软件工程-Software Engineering\实验\LAB1\Shiyan1\.metals\.reports\metals-full\2024-06-03\r_compiler-error_23-18-47-803.md
2024.06.03 23:18:48 INFO  no build target found for D:\大学三年\大三春\软件工程-Software Engineering\实验\LAB1\Shiyan1\Lab1.java. Using presentation compiler with project's scala-library version: 3.3.3
Jun 03, 2024 11:18:48 PM scala.meta.internal.pc.CompilerAccess handleError
SEVERE: A severe compiler error occurred, full details of the error can be found in the error report D:\大学三年\大三春\软件工程-Software Engineering\实验\LAB1\Shiyan1\.metals\.reports\metals-full\2024-06-03\r_compiler-error_23-18-48-878.md
2024.06.03 23:18:48 INFO  no build target found for D:\大学三年\大三春\软件工程-Software Engineering\实验\LAB1\Shiyan1\Lab1.java. Using presentation compiler with project's scala-library version: 3.3.3
Jun 03, 2024 11:18:49 PM scala.meta.internal.pc.CompilerAccess handleError
SEVERE: A severe compiler error occurred, full details of the error can be found in the error report D:\大学三年\大三春\软件工程-Software Engineering\实验\LAB1\Shiyan1\.metals\.reports\metals-full\2024-06-03\r_compiler-error_23-18-49-259.md
2024.06.03 23:18:54 INFO  no build target found for D:\大学三年\大三春\软件工程-Software Engineering\实验\LAB1\Shiyan1\Lab1.java. Using presentation compiler with project's scala-library version: 3.3.3
Jun 03, 2024 11:18:54 PM scala.meta.internal.pc.CompilerAccess handleError
SEVERE: A severe compiler error occurred, full details of the error can be found in the error report D:\大学三年\大三春\软件工程-Software Engineering\实验\LAB1\Shiyan1\.metals\.reports\metals-full\2024-06-03\r_compiler-error_23-18-54-426.md
2024.06.03 23:34:42 INFO  no build target found for D:\大学三年\大三春\软件工程-Software Engineering\实验\LAB1\Shiyan1\Lab1.java. Using presentation compiler with project's scala-library version: 3.3.3
Jun 03, 2024 11:34:42 PM scala.meta.internal.pc.CompilerAccess handleError
SEVERE: A severe compiler error occurred, full details of the error can be found in the error report D:\大学三年\大三春\软件工程-Software Engineering\实验\LAB1\Shiyan1\.metals\.reports\metals-full\2024-06-03\r_compiler-error_23-34-42-418.md
2024.06.03 23:34:58 INFO  no build target found for D:\大学三年\大三春\软件工程-Software Engineering\实验\LAB1\Shiyan1\Lab1.java. Using presentation compiler with project's scala-library version: 3.3.3
Jun 03, 2024 11:34:58 PM scala.meta.internal.pc.CompilerAccess handleError
SEVERE: A severe compiler error occurred, full details of the error can be found in the error report D:\大学三年\大三春\软件工程-Software Engineering\实验\LAB1\Shiyan1\.metals\.reports\metals-full\2024-06-03\r_compiler-error_23-34-58-931.md
2024.06.03 23:35:32 INFO  no build target found for D:\大学三年\大三春\软件工程-Software Engineering\实验\LAB1\Shiyan1\Lab1.java. Using presentation compiler with project's scala-library version: 3.3.3
Jun 03, 2024 11:35:32 PM scala.meta.internal.pc.CompilerAccess handleError
SEVERE: A severe compiler error occurred, full details of the error can be found in the error report D:\大学三年\大三春\软件工程-Software Engineering\实验\LAB1\Shiyan1\.metals\.reports\metals-full\2024-06-03\r_compiler-error_23-35-32-101.md
2024.06.03 23:36:51 INFO  no build target found for D:\大学三年\大三春\软件工程-Software Engineering\实验\LAB1\Shiyan1\Lab1.java. Using presentation compiler with project's scala-library version: 3.3.3
Jun 03, 2024 11:36:51 PM scala.meta.internal.pc.CompilerAccess handleError
SEVERE: A severe compiler error occurred, full details of the error can be found in the error report D:\大学三年\大三春\软件工程-Software Engineering\实验\LAB1\Shiyan1\.metals\.reports\metals-full\2024-06-03\r_compiler-error_23-36-51-623.md
2024.06.03 23:39:48 WARN  no build target for: D:\大学三年\大三春\软件工程-Software Engineering\实验\LAB1\Shiyan1\Lab1.java
2024.06.03 23:39:48 INFO  no build target found for D:\大学三年\大三春\软件工程-Software Engineering\实验\LAB1\Shiyan1\Lab1.java. Using presentation compiler with project's scala-library version: 3.3.3
Jun 03, 2024 11:39:49 PM scala.meta.internal.pc.CompilerAccess handleError
SEVERE: A severe compiler error occurred, full details of the error can be found in the error report D:\大学三年\大三春\软件工程-Software Engineering\实验\LAB1\Shiyan1\.metals\.reports\metals-full\2024-06-03\r_compiler-error_23-39-49-023.md
2024.06.03 23:46:46 INFO  no build target found for D:\大学三年\大三春\软件工程-Software Engineering\实验\LAB1\Shiyan1\Lab1.java. Using presentation compiler with project's scala-library version: 3.3.3
Jun 03, 2024 11:46:46 PM scala.meta.internal.pc.CompilerAccess handleError
SEVERE: A severe compiler error occurred, full details of the error can be found in the error report D:\大学三年\大三春\软件工程-Software Engineering\实验\LAB1\Shiyan1\.metals\.reports\metals-full\2024-06-03\r_compiler-error_23-46-46-554.md
2024.06.03 23:46:46 INFO  no build target found for D:\大学三年\大三春\软件工程-Software Engineering\实验\LAB1\Shiyan1\Lab1.java. Using presentation compiler with project's scala-library version: 3.3.3
Jun 03, 2024 11:46:47 PM scala.meta.internal.pc.CompilerAccess handleError
SEVERE: A severe compiler error occurred, full details of the error can be found in the error report D:\大学三年\大三春\软件工程-Software Engineering\实验\LAB1\Shiyan1\.metals\.reports\metals-full\2024-06-03\r_compiler-error_23-46-47-007.md
2024.06.03 23:46:46 INFO  no build target found for D:\大学三年\大三春\软件工程-Software Engineering\实验\LAB1\Shiyan1\Lab1.java. Using presentation compiler with project's scala-library version: 3.3.3
Jun 03, 2024 11:46:47 PM scala.meta.internal.pc.CompilerAccess handleError
SEVERE: A severe compiler error occurred, full details of the error can be found in the error report D:\大学三年\大三春\软件工程-Software Engineering\实验\LAB1\Shiyan1\.metals\.reports\metals-full\2024-06-03\r_compiler-error_23-46-47-456.md
2024.06.03 23:46:48 INFO  no build target found for D:\大学三年\大三春\软件工程-Software Engineering\实验\LAB1\Shiyan1\Lab1.java. Using presentation compiler with project's scala-library version: 3.3.3
Jun 03, 2024 11:46:48 PM scala.meta.internal.pc.CompilerAccess handleError
SEVERE: A severe compiler error occurred, full details of the error can be found in the error report D:\大学三年\大三春\软件工程-Software Engineering\实验\LAB1\Shiyan1\.metals\.reports\metals-full\2024-06-03\r_compiler-error_23-46-48-464.md
2024.06.03 23:46:48 INFO  no build target found for D:\大学三年\大三春\软件工程-Software Engineering\实验\LAB1\Shiyan1\Lab1.java. Using presentation compiler with project's scala-library version: 3.3.3
Jun 03, 2024 11:46:48 PM scala.meta.internal.pc.CompilerAccess handleError
SEVERE: A severe compiler error occurred, full details of the error can be found in the error report D:\大学三年\大三春\软件工程-Software Engineering\实验\LAB1\Shiyan1\.metals\.reports\metals-full\2024-06-03\r_compiler-error_23-46-48-619.md
2024.06.03 23:46:49 INFO  no build target found for D:\大学三年\大三春\软件工程-Software Engineering\实验\LAB1\Shiyan1\Lab1.java. Using presentation compiler with project's scala-library version: 3.3.3
Jun 03, 2024 11:46:49 PM scala.meta.internal.pc.CompilerAccess handleError
SEVERE: A severe compiler error occurred, full details of the error can be found in the error report D:\大学三年\大三春\软件工程-Software Engineering\实验\LAB1\Shiyan1\.metals\.reports\metals-full\2024-06-03\r_compiler-error_23-46-49-937.md
2024.06.03 23:46:49 INFO  no build target found for D:\大学三年\大三春\软件工程-Software Engineering\实验\LAB1\Shiyan1\Lab1.java. Using presentation compiler with project's scala-library version: 3.3.3
Jun 03, 2024 11:46:50 PM scala.meta.internal.pc.CompilerAccess handleError
SEVERE: A severe compiler error occurred, full details of the error can be found in the error report D:\大学三年\大三春\软件工程-Software Engineering\实验\LAB1\Shiyan1\.metals\.reports\metals-full\2024-06-03\r_compiler-error_23-46-50-601.md
2024.06.03 23:46:51 INFO  no build target found for D:\大学三年\大三春\软件工程-Software Engineering\实验\LAB1\Shiyan1\Lab1.java. Using presentation compiler with project's scala-library version: 3.3.3
Jun 03, 2024 11:46:51 PM scala.meta.internal.pc.CompilerAccess handleError
SEVERE: A severe compiler error occurred, full details of the error can be found in the error report D:\大学三年\大三春\软件工程-Software Engineering\实验\LAB1\Shiyan1\.metals\.reports\metals-full\2024-06-03\r_compiler-error_23-46-51-549.md
2024.06.03 23:47:26 INFO  no build target found for D:\大学三年\大三春\软件工程-Software Engineering\实验\LAB1\Shiyan1\Lab1.java. Using presentation compiler with project's scala-library version: 3.3.3
Jun 03, 2024 11:47:26 PM scala.meta.internal.pc.CompilerAccess handleError
SEVERE: A severe compiler error occurred, full details of the error can be found in the error report D:\大学三年\大三春\软件工程-Software Engineering\实验\LAB1\Shiyan1\.metals\.reports\metals-full\2024-06-03\r_compiler-error_23-47-26-418.md
2024.06.03 23:47:34 INFO  no build target found for D:\大学三年\大三春\软件工程-Software Engineering\实验\LAB1\Shiyan1\Lab1.java. Using presentation compiler with project's scala-library version: 3.3.3
Jun 03, 2024 11:47:34 PM scala.meta.internal.pc.CompilerAccess handleError
SEVERE: A severe compiler error occurred, full details of the error can be found in the error report D:\大学三年\大三春\软件工程-Software Engineering\实验\LAB1\Shiyan1\.metals\.reports\metals-full\2024-06-03\r_compiler-error_23-47-34-568.md
2024.06.03 23:47:34 INFO  no build target found for D:\大学三年\大三春\软件工程-Software Engineering\实验\LAB1\Shiyan1\Lab1.java. Using presentation compiler with project's scala-library version: 3.3.3
Jun 03, 2024 11:47:34 PM scala.meta.internal.pc.CompilerAccess handleError
SEVERE: A severe compiler error occurred, full details of the error can be found in the error report D:\大学三年\大三春\软件工程-Software Engineering\实验\LAB1\Shiyan1\.metals\.reports\metals-full\2024-06-03\r_compiler-error_23-47-34-941.md
2024.06.03 23:50:47 INFO  no build target found for D:\大学三年\大三春\软件工程-Software Engineering\实验\LAB1\Shiyan1\Lab1.java. Using presentation compiler with project's scala-library version: 3.3.3
Jun 03, 2024 11:50:47 PM scala.meta.internal.pc.CompilerAccess handleError
SEVERE: A severe compiler error occurred, full details of the error can be found in the error report D:\大学三年\大三春\软件工程-Software Engineering\实验\LAB1\Shiyan1\.metals\.reports\metals-full\2024-06-03\r_compiler-error_23-50-47-597.md
2024.06.03 23:59:53 INFO  no build target found for D:\大学三年\大三春\软件工程-Software Engineering\实验\LAB1\Shiyan1\Lab1.java. Using presentation compiler with project's scala-library version: 3.3.3
Jun 03, 2024 11:59:53 PM scala.meta.internal.pc.CompilerAccess handleError
SEVERE: A severe compiler error occurred, full details of the error can be found in the error report D:\大学三年\大三春\软件工程-Software Engineering\实验\LAB1\Shiyan1\.metals\.reports\metals-full\2024-06-03\r_compiler-error_23-59-53-683.md
2024.06.04 00:14:51 INFO  no build target found for D:\大学三年\大三春\软件工程-Software Engineering\实验\LAB1\Shiyan1\Lab1.java. Using presentation compiler with project's scala-library version: 3.3.3
Jun 04, 2024 12:14:51 AM scala.meta.internal.pc.CompilerAccess handleError
SEVERE: A severe compiler error occurred, full details of the error can be found in the error report D:\大学三年\大三春\软件工程-Software Engineering\实验\LAB1\Shiyan1\.metals\.reports\metals-full\2024-06-04\r_compiler-error_00-14-51-854.md
2024.06.04 00:14:51 INFO  no build target found for D:\大学三年\大三春\软件工程-Software Engineering\实验\LAB1\Shiyan1\Lab1.java. Using presentation compiler with project's scala-library version: 3.3.3
Jun 04, 2024 12:14:52 AM scala.meta.internal.pc.CompilerAccess handleError
SEVERE: A severe compiler error occurred, full details of the error can be found in the error report D:\大学三年\大三春\软件工程-Software Engineering\实验\LAB1\Shiyan1\.metals\.reports\metals-full\2024-06-04\r_compiler-error_00-14-52-590.md
2024.06.04 00:14:52 INFO  no build target found for D:\大学三年\大三春\软件工程-Software Engineering\实验\LAB1\Shiyan1\Lab1.java. Using presentation compiler with project's scala-library version: 3.3.3
Jun 04, 2024 12:14:52 AM scala.meta.internal.pc.CompilerAccess handleError
SEVERE: A severe compiler error occurred, full details of the error can be found in the error report D:\大学三年\大三春\软件工程-Software Engineering\实验\LAB1\Shiyan1\.metals\.reports\metals-full\2024-06-04\r_compiler-error_00-14-52-921.md
2024.06.04 00:14:55 INFO  no build target found for D:\大学三年\大三春\软件工程-Software Engineering\实验\LAB1\Shiyan1\Lab1.java. Using presentation compiler with project's scala-library version: 3.3.3
Jun 04, 2024 12:14:56 AM scala.meta.internal.pc.CompilerAccess handleError
SEVERE: A severe compiler error occurred, full details of the error can be found in the error report D:\大学三年\大三春\软件工程-Software Engineering\实验\LAB1\Shiyan1\.metals\.reports\metals-full\2024-06-04\r_compiler-error_00-14-56-032.md
Jun 04, 2024 12:47:58 AM org.eclipse.lsp4j.jsonrpc.services.GenericEndpoint notify
INFO: Unsupported notification method: $/setTrace
Jun 04, 2024 12:48:14 AM org.eclipse.lsp4j.jsonrpc.services.GenericEndpoint notify
INFO: Unsupported notification method: $/setTrace
Jun 04, 2024 12:48:18 AM org.eclipse.lsp4j.jsonrpc.services.GenericEndpoint notify
INFO: Unsupported notification method: $/setTrace
Jun 04, 2024 12:48:19 AM org.eclipse.lsp4j.jsonrpc.services.GenericEndpoint notify
INFO: Unsupported notification method: $/setTrace
2024.06.04 01:23:05 INFO  no build target found for D:\大学三年\大三春\软件工程-Software Engineering\实验\LAB1\Shiyan1\Lab1.java. Using presentation compiler with project's scala-library version: 3.3.3
Jun 04, 2024 1:23:05 AM scala.meta.internal.pc.CompilerAccess handleError
SEVERE: A severe compiler error occurred, full details of the error can be found in the error report D:\大学三年\大三春\软件工程-Software Engineering\实验\LAB1\Shiyan1\.metals\.reports\metals-full\2024-06-04\r_compiler-error_01-23-05-149.md
